This is pdfTeX, Version 3.14159265-2.6-1.40.20 (TeX Live 2019) (preloaded format=pdflatex 2019.11.2)  16 JAN 2020 19:03
entering extended mode
 restricted \write18 enabled.
 file:line:error style messages enabled.
 %&-line parsing enabled.
**beamerthemeufc.sty
(./beamerthemeufc.sty
LaTeX2e <2018-12-01>
./beamerthemeufc.sty:14: Undefined control sequence.
l.14 \mode
          <presentation>
? 
./beamerthemeufc.sty:14: Emergency stop.
l.14 \mode
          <presentation>
End of file on the terminal!

 
Here is how much of TeX's memory you used:
 6 strings out of 492616
 159 string characters out of 6129481
 57124 words of memory out of 5000000
 4025 multiletter control sequences out of 15000+600000
 3640 words of font info for 14 fonts, out of 8000000 for 9000
 1141 hyphenation exceptions out of 8191
 5i,0n,1p,83b,8s stack positions out of 5000i,500n,10000p,200000b,80000s
./beamerthemeufc.sty:14:  ==> Fatal error occurred, no output PDF file produced
!
